Determining if the pthread_create exist failed with the following output:
Change Dir: /home/xaaq/my-projects/Tanx/dependencies/random/CMakeFiles/CMakeTmp

Run Build Command:"/usr/bin/make" "cmTC_50343/fast"
/usr/bin/make -f CMakeFiles/cmTC_50343.dir/build.make CMakeFiles/cmTC_50343.dir/build
make[1]: Wejście do katalogu '/home/xaaq/my-projects/Tanx/dependencies/random/CMakeFiles/CMakeTmp'
Building C object CMakeFiles/cmTC_50343.dir/CheckSymbolExists.c.o
/usr/bin/cc    -o CMakeFiles/cmTC_50343.dir/CheckSymbolExists.c.o   -c /home/xaaq/my-projects/Tanx/dependencies/random/CMakeFiles/CMakeTmp/CheckSymbolExists.c
Linking C executable cmTC_50343
/usr/bin/cmake -E cmake_link_script CMakeFiles/cmTC_50343.dir/link.txt --verbose=1
/usr/bin/cc      -rdynamic CMakeFiles/cmTC_50343.dir/CheckSymbolExists.c.o  -o cmTC_50343 
CMakeFiles/cmTC_50343.dir/CheckSymbolExists.c.o: In function `main':
CheckSymbolExists.c:(.text+0x1b): undefined reference to `pthread_create'
collect2: error: ld returned 1 exit status
CMakeFiles/cmTC_50343.dir/build.make:97: recipe for target 'cmTC_50343' failed
make[1]: *** [cmTC_50343] Error 1
make[1]: Opuszczenie katalogu '/home/xaaq/my-projects/Tanx/dependencies/random/CMakeFiles/CMakeTmp'
Makefile:126: recipe for target 'cmTC_50343/fast' failed
make: *** [cmTC_50343/fast] Error 2

File /home/xaaq/my-projects/Tanx/dependencies/random/CMakeFiles/CMakeTmp/CheckSymbolExists.c:
/* */
#include <pthread.h>

int main(int argc, char** argv)
{
  (void)argv;
#ifndef pthread_create
  return ((int*)(&pthread_create))[argc];
#else
  (void)argc;
  return 0;
#endif
}

Determining if the function pthread_create exists in the pthreads failed with the following output:
Change Dir: /home/xaaq/my-projects/Tanx/dependencies/random/CMakeFiles/CMakeTmp

Run Build Command:"/usr/bin/make" "cmTC_23111/fast"
/usr/bin/make -f CMakeFiles/cmTC_23111.dir/build.make CMakeFiles/cmTC_23111.dir/build
make[1]: Wejście do katalogu '/home/xaaq/my-projects/Tanx/dependencies/random/CMakeFiles/CMakeTmp'
Building C object CMakeFiles/cmTC_23111.dir/CheckFunctionExists.c.o
/usr/bin/cc   -DCHECK_FUNCTION_EXISTS=pthread_create   -o CMakeFiles/cmTC_23111.dir/CheckFunctionExists.c.o   -c /usr/share/cmake-3.10/Modules/CheckFunctionExists.c
Linking C executable cmTC_23111
/usr/bin/cmake -E cmake_link_script CMakeFiles/cmTC_23111.dir/link.txt --verbose=1
/usr/bin/cc  -DCHECK_FUNCTION_EXISTS=pthread_create    -rdynamic CMakeFiles/cmTC_23111.dir/CheckFunctionExists.c.o  -o cmTC_23111 -lpthreads 
/usr/bin/ld: cannot find -lpthreads
collect2: error: ld returned 1 exit status
CMakeFiles/cmTC_23111.dir/build.make:97: recipe for target 'cmTC_23111' failed
make[1]: *** [cmTC_23111] Error 1
make[1]: Opuszczenie katalogu '/home/xaaq/my-projects/Tanx/dependencies/random/CMakeFiles/CMakeTmp'
Makefile:126: recipe for target 'cmTC_23111/fast' failed
make: *** [cmTC_23111/fast] Error 2


